Determining if the pthread_create exist failed with the following output:
Change Dir: /home/turtlebot/miniproject/build/CMakeFiles/CMakeTmp

Run Build Command:/usr/bin/make "cmTryCompileExec3813473601/fast"
/usr/bin/make -f CMakeFiles/cmTryCompileExec3813473601.dir/build.make CMakeFiles/cmTryCompileExec3813473601.dir/build
make[1]: Entering directory `/home/turtlebot/miniproject/build/CMakeFiles/CMakeTmp'
/usr/bin/cmake -E cmake_progress_report /home/turtlebot/miniproject/build/CMakeFiles/CMakeTmp/CMakeFiles 1
Building C object CMakeFiles/cmTryCompileExec3813473601.dir/CheckSymbolExists.c.o
/usr/bin/cc    -o CMakeFiles/cmTryCompileExec3813473601.dir/CheckSymbolExists.c.o   -c /home/turtlebot/miniproject/build/CMakeFiles/CMakeTmp/CheckSymbolExists.c
Linking C executable cmTryCompileExec3813473601
/usr/bin/cmake -E cmake_link_script CMakeFiles/cmTryCompileExec3813473601.dir/link.txt --verbose=1
/usr/bin/cc       CMakeFiles/cmTryCompileExec3813473601.dir/CheckSymbolExists.c.o  -o cmTryCompileExec3813473601 -rdynamic 
CMakeFiles/cmTryCompileExec3813473601.dir/CheckSymbolExists.c.o: In function `main':
CheckSymbolExists.c:(.text+0x16): undefined reference to `pthread_create'
collect2: error: ld returned 1 exit status
make[1]: Leaving directory `/home/turtlebot/miniproject/build/CMakeFiles/CMakeTmp'
make[1]: *** [cmTryCompileExec3813473601] Error 1
make: *** [cmTryCompileExec3813473601/fast] Error 2

File /home/turtlebot/miniproject/build/CMakeFiles/CMakeTmp/CheckSymbolExists.c:
/* */
#include <pthread.h>

int main(int argc, char** argv)
{
  (void)argv;
#ifndef pthread_create
  return ((int*)(&pthread_create))[argc];
#else
  (void)argc;
  return 0;
#endif
}

Determining if the function pthread_create exists in the pthreads failed with the following output:
Change Dir: /home/turtlebot/miniproject/build/CMakeFiles/CMakeTmp

Run Build Command:/usr/bin/make "cmTryCompileExec1278143511/fast"
/usr/bin/make -f CMakeFiles/cmTryCompileExec1278143511.dir/build.make CMakeFiles/cmTryCompileExec1278143511.dir/build
make[1]: Entering directory `/home/turtlebot/miniproject/build/CMakeFiles/CMakeTmp'
/usr/bin/cmake -E cmake_progress_report /home/turtlebot/miniproject/build/CMakeFiles/CMakeTmp/CMakeFiles 1
Building C object CMakeFiles/cmTryCompileExec1278143511.dir/CheckFunctionExists.c.o
/usr/bin/cc   -DCHECK_FUNCTION_EXISTS=pthread_create   -o CMakeFiles/cmTryCompileExec1278143511.dir/CheckFunctionExists.c.o   -c /usr/share/cmake-2.8/Modules/CheckFunctionExists.c
Linking C executable cmTryCompileExec1278143511
/usr/bin/cmake -E cmake_link_script CMakeFiles/cmTryCompileExec1278143511.dir/link.txt --verbose=1
/usr/bin/cc   -DCHECK_FUNCTION_EXISTS=pthread_create    CMakeFiles/cmTryCompileExec1278143511.dir/CheckFunctionExists.c.o  -o cmTryCompileExec1278143511 -rdynamic -lpthreads 
/usr/bin/ld: cannot find -lpthreads
collect2: error: ld returned 1 exit status
make[1]: *** [cmTryCompileExec1278143511] Error 1
make[1]: Leaving directory `/home/turtlebot/miniproject/build/CMakeFiles/CMakeTmp'
make: *** [cmTryCompileExec1278143511/fast] Error 2


